# JRE version: Java(TM) SE Runtime Environment (17.0.11+7) (build 17.0.11+7-LTS-207)
# Java VM: Java HotSpot(TM) 64-Bit Server VM (17.0.11+7-LTS-207, mixed mode, emulated-client, sharing, tiered, compressed oops, compressed class ptrs, g1 gc, bsd-aarch64)
GC Precious Log:
 CPUs: 8 total, 8 available
 Memory: 16384M
 Large Page Support: Disabled
 NUMA Support: Disabled
 Compressed Oops: Enabled (Zero based)
 Heap Region Size: 2M
 Heap Min Capacity: 8M
 Heap Initial Capacity: 256M
 Heap Max Capacity: 4G
 Pre-touch: Disabled
 Parallel Workers: 8
 Concurrent Workers: 2
 Concurrent Refinement Workers: 8
 Periodic GC: Disabled
Heap:
 garbage-first heap   total 108544K, used 36798K [0x0000000700000000, 0x0000000800000000)
  region size 2048K, 9 young (18432K), 3 survivors (6144K)
 Metaspace       used 38362K, committed 38848K, reserved 1114112K
  class space    used 5357K, committed 5632K, reserved 1048576K
GC Heap History (16 events):
Event: 0.363 GC heap before
{Heap before GC invocations=0 (full 0):
 garbage-first heap   total 266240K, used 22496K [0x0000000700000000, 0x0000000800000000)
  region size 2048K, 11 young (22528K), 0 survivors (0K)
 Metaspace       used 6407K, committed 6592K, reserved 1114112K
  class space    used 796K, committed 896K, reserved 1048576K
}
Event: 0.368 GC heap after
{Heap after GC invocations=1 (full 0):
 garbage-first heap   total 266240K, used 11607K [0x0000000700000000, 0x0000000800000000)
  region size 2048K, 2 young (4096K), 2 survivors (4096K)
 Metaspace       used 6407K, committed 6592K, reserved 1114112K
  class space    used 796K, committed 896K, reserved 1048576K
}
Event: 0.540 GC heap before
{Heap before GC invocations=1 (full 0):
 garbage-first heap   total 266240K, used 32087K [0x0000000700000000, 0x0000000800000000)
  region size 2048K, 13 young (26624K), 2 survivors (4096K)
 Metaspace       used 9995K, committed 10240K, reserved 1114112K
  class space    used 1368K, committed 1472K, reserved 1048576K
}
Event: 0.542 GC heap after
{Heap after GC invocations=2 (full 0):
 garbage-first heap   total 266240K, used 13069K [0x0000000700000000, 0x0000000800000000)
  region size 2048K, 1 young (2048K), 1 survivors (2048K)
 Metaspace       used 9995K, committed 10240K, reserved 1114112K
  class space    used 1368K, committed 1472K, reserved 1048576K
}
Event: 0.845 GC heap before
{Heap before GC invocations=2 (full 0):
 garbage-first heap   total 266240K, used 70413K [0x0000000700000000, 0x0000000800000000)
  region size 2048K, 30 young (61440K), 1 survivors (2048K)
 Metaspace       used 20408K, committed 20672K, reserved 1114112K
  class space    used 2740K, committed 2880K, reserved 1048576K
}
Event: 0.848 GC heap after
{Heap after GC invocations=3 (full 0):
 garbage-first heap   total 266240K, used 18733K [0x0000000700000000, 0x0000000800000000)
  region size 2048K, 4 young (8192K), 4 survivors (8192K)
 Metaspace       used 20408K, committed 20672K, reserved 1114112K
  class space    used 2740K, committed 2880K, reserved 1048576K
}
Event: 0.927 GC heap before
{Heap before GC invocations=3 (full 0):
 garbage-first heap   total 266240K, used 35117K [0x0000000700000000, 0x0000000800000000)
  region size 2048K, 13 young (26624K), 4 survivors (8192K)
 Metaspace       used 21251K, committed 21504K, reserved 1114112K
  class space    used 2876K, committed 3008K, reserved 1048576K
}
Event: 0.930 GC heap after
{Heap after GC invocations=4 (full 0):
 garbage-first heap   total 266240K, used 20303K [0x0000000700000000, 0x0000000800000000)
  region size 2048K, 5 young (10240K), 5 survivors (10240K)
 Metaspace       used 21251K, committed 21504K, reserved 1114112K
  class space    used 2876K, committed 3008K, reserved 1048576K
}
Event: 1.197 GC heap before
{Heap before GC invocations=5 (full 0):
 garbage-first heap   total 90112K, used 63311K [0x0000000700000000, 0x0000000800000000)
  region size 2048K, 27 young (55296K), 5 survivors (10240K)
 Metaspace       used 26266K, committed 26560K, reserved 1114112K
  class space    used 3648K, committed 3776K, reserved 1048576K
}
Event: 1.201 GC heap after
{Heap after GC invocations=6 (full 0):
 garbage-first heap   total 108544K, used 22800K [0x0000000700000000, 0x0000000800000000)
  region size 2048K, 6 young (12288K), 6 survivors (12288K)
 Metaspace       used 26266K, committed 26560K, reserved 1114112K
  class space    used 3648K, committed 3776K, reserved 1048576K
}
Event: 1.214 GC heap before
{Heap before GC invocations=6 (full 0):
 garbage-first heap   total 108544K, used 24848K [0x0000000700000000, 0x0000000800000000)
  region size 2048K, 7 young (14336K), 6 survivors (12288K)
 Metaspace       used 26505K, committed 26816K, reserved 1114112K
  class space    used 3697K, committed 3840K, reserved 1048576K
}
Event: 1.220 GC heap after
{Heap after GC invocations=7 (full 0):
 garbage-first heap   total 108544K, used 24077K [0x0000000700000000, 0x0000000800000000)
  region size 2048K, 1 young (2048K), 1 survivors (2048K)
 Metaspace       used 26505K, committed 26816K, reserved 1114112K
  class space    used 3697K, committed 3840K, reserved 1048576K
}
Event: 1.496 GC heap before
{Heap before GC invocations=7 (full 0):
 garbage-first heap   total 108544K, used 73229K [0x0000000700000000, 0x0000000800000000)
  region size 2048K, 25 young (51200K), 1 survivors (2048K)
 Metaspace       used 32574K, committed 33024K, reserved 1114112K
  class space    used 4510K, committed 4736K, reserved 1048576K
}
Event: 1.498 GC heap after
{Heap after GC invocations=8 (full 0):
 garbage-first heap   total 108544K, used 26015K [0x0000000700000000, 0x0000000800000000)
  region size 2048K, 2 young (4096K), 2 survivors (4096K)
 Metaspace       used 32574K, committed 33024K, reserved 1114112K
  class space    used 4510K, committed 4736K, reserved 1048576K
}
Event: 1.560 GC heap before
{Heap before GC invocations=8 (full 0):
 garbage-first heap   total 108544K, used 36255K [0x0000000700000000, 0x0000000800000000)
  region size 2048K, 8 young (16384K), 2 survivors (4096K)
 Metaspace       used 35504K, committed 35968K, reserved 1114112K
  class space    used 4961K, committed 5184K, reserved 1048576K
}
Event: 1.562 GC heap after
{Heap after GC invocations=9 (full 0):
 garbage-first heap   total 108544K, used 26558K [0x0000000700000000, 0x0000000800000000)
  region size 2048K, 3 young (6144K), 3 survivors (6144K)
 Metaspace       used 35504K, committed 35968K, reserved 1114112K
  class space    used 4961K, committed 5184K, reserved 1048576K
}

